<?xml version="1.0" encoding="UTF-8"?>
<coverage generated="1669224381575" clover="3.2.0">
  <project timestamp="1669224381575" name="All files">
    <metrics statements="10" coveredstatements="10" conditionals="6" coveredconditionals="6" methods="2" coveredmethods="2" elements="18" coveredelements="18" complexity="0" loc="10" ncloc="10" packages="1" files="1" classes="1"/>
    <file name="createState.js" path="/home/pedroalves/Documents/github/fundamentos/trybe-exercices/fundamentos/bloco-7/jestStudy/academiaDeLogicaLocal/src/createState.js">
      <metrics statements="10" coveredstatements="10" conditionals="6" coveredconditionals="6" methods="2" coveredmethods="2"/>
      <line num="1" count="1" type="stmt"/>
      <line num="2" count="6" type="cond" truecount="6" falsecount="0"/>
      <line num="3" count="3" type="stmt"/>
      <line num="7" count="1" type="stmt"/>
      <line num="8" count="6" type="stmt"/>
      <line num="9" count="6" type="stmt"/>
      <line num="10" count="3" type="stmt"/>
      <line num="12" count="3" type="stmt"/>
      <line num="16" count="1" type="stmt"/>
      <line num="18" count="1" type="stmt"/>
    </file>
  </project>
</coverage>
