{"/home/pedroalves/Documents/github/fundamentos/trybe-exercices/fundamentos/bloco-7/jestStudy/academiaDeLogicaLocal/src/createState.js": {"path":"/home/pedroalves/Documents/github/fundamentos/trybe-exercices/fundamentos/bloco-7/jestStudy/academiaDeLogicaLocal/src/createState.js","statementMap":{"0":{"start":{"line":1,"column":23},"end":{"line":5,"column":1}},"1":{"start":{"line":2,"column":2},"end":{"line":4,"column":3}},"2":{"start":{"line":3,"column":4},"end":{"line":3,"column":71}},"3":{"start":{"line":7,"column":20},"end":{"line":14,"column":1}},"4":{"start":{"line":8,"column":2},"end":{"line":13,"column":3}},"5":{"start":{"line":9,"column":4},"end":{"line":9,"column":57}},"6":{"start":{"line":10,"column":4},"end":{"line":10,"column":109}},"7":{"start":{"line":12,"column":4},"end":{"line":12,"column":25}},"8":{"start":{"line":16,"column":0},"end":{"line":16,"column":74}},"9":{"start":{"line":18,"column":0},"end":{"line":18,"column":29}}},"fnMap":{"0":{"name":"(anonymous_0)","decl":{"start":{"line":1,"column":23},"end":{"line":1,"column":24}},"loc":{"start":{"line":1,"column":64},"end":{"line":5,"column":1}},"line":1},"1":{"name":"(anonymous_1)","decl":{"start":{"line":7,"column":20},"end":{"line":7,"column":21}},"loc":{"start":{"line":7,"column":62},"end":{"line":14,"column":1}},"line":7}},"branchMap":{"0":{"loc":{"start":{"line":2,"column":2},"end":{"line":4,"column":3}},"type":"if","locations":[{"start":{"line":2,"column":2},"end":{"line":4,"column":3}},{"start":{},"end":{}}],"line":2},"1":{"loc":{"start":{"line":2,"column":6},"end":{"line":2,"column":52}},"type":"binary-expr","locations":[{"start":{"line":2,"column":6},"end":{"line":2,"column":12}},{"start":{"line":2,"column":16},"end":{"line":2,"column":25}},{"start":{"line":2,"column":29},"end":{"line":2,"column":37}},{"start":{"line":2,"column":41},"end":{"line":2,"column":52}}],"line":2}},"s":{"0":1,"1":6,"2":3,"3":1,"4":6,"5":6,"6":3,"7":3,"8":1,"9":1},"f":{"0":6,"1":6},"b":{"0":[3,3],"1":[6,6,6,6]},"_coverageSchema":"1a1c01bbd47fc00a2c39e90264f33305004495a9","hash":"40bfac3aceddd600274b625c37ba5ac93a34e047"}
}
