{"/home/pedroalves/Documents/github/fundamentos/trybe-exercices/fundamentos/bloco-7/jestStudy/academiaDeLogicaLocal/src/sumEven.js": {"path":"/home/pedroalves/Documents/github/fundamentos/trybe-exercices/fundamentos/bloco-7/jestStudy/academiaDeLogicaLocal/src/sumEven.js","statementMap":{"0":{"start":{"line":1,"column":15},"end":{"line":1,"column":43}},"1":{"start":{"line":1,"column":27},"end":{"line":1,"column":43}},"2":{"start":{"line":2,"column":16},"end":{"line":11,"column":1}},"3":{"start":{"line":3,"column":12},"end":{"line":3,"column":13}},"4":{"start":{"line":4,"column":2},"end":{"line":4,"column":25}},"5":{"start":{"line":4,"column":14},"end":{"line":4,"column":25}},"6":{"start":{"line":5,"column":2},"end":{"line":9,"column":3}},"7":{"start":{"line":6,"column":4},"end":{"line":8,"column":5}},"8":{"start":{"line":7,"column":6},"end":{"line":7,"column":17}},"9":{"start":{"line":10,"column":2},"end":{"line":10,"column":13}},"10":{"start":{"line":13,"column":0},"end":{"line":13,"column":25}}},"fnMap":{"0":{"name":"(anonymous_0)","decl":{"start":{"line":1,"column":15},"end":{"line":1,"column":16}},"loc":{"start":{"line":1,"column":27},"end":{"line":1,"column":43}},"line":1},"1":{"name":"(anonymous_1)","decl":{"start":{"line":2,"column":16},"end":{"line":2,"column":17}},"loc":{"start":{"line":2,"column":27},"end":{"line":11,"column":1}},"line":2}},"branchMap":{"0":{"loc":{"start":{"line":4,"column":2},"end":{"line":4,"column":25}},"type":"if","locations":[{"start":{"line":4,"column":2},"end":{"line":4,"column":25}},{"start":{},"end":{}}],"line":4},"1":{"loc":{"start":{"line":6,"column":4},"end":{"line":8,"column":5}},"type":"if","locations":[{"start":{"line":6,"column":4},"end":{"line":8,"column":5}},{"start":{},"end":{}}],"line":6}},"s":{"0":1,"1":8,"2":1,"3":3,"4":3,"5":1,"6":2,"7":8,"8":4,"9":2,"10":1},"f":{"0":8,"1":3},"b":{"0":[1,2],"1":[4,4]},"_coverageSchema":"1a1c01bbd47fc00a2c39e90264f33305004495a9","hash":"87bfe20fde93c984e3f87fccb36eb369ab04bc10"}
}
