<?xml version="1.0" encoding="UTF-8"?>
<coverage generated="1669163535251" clover="3.2.0">
  <project timestamp="1669163535251" name="All files">
    <metrics statements="5" coveredstatements="5" conditionals="0" coveredconditionals="0" methods="1" coveredmethods="1" elements="6" coveredelements="6" complexity="0" loc="5" ncloc="5" packages="1" files="1" classes="1"/>
    <file name="printMessage.js" path="/home/pedroalves/Documents/github/fundamentos/trybe-exercices/fundamentos/bloco-7/exercicioDia2/exerciciosPratica/printMessage.js">
      <metrics statements="5" coveredstatements="5" conditionals="0" coveredconditionals="0" methods="1" coveredmethods="1"/>
      <line num="2" count="1" type="stmt"/>
      <line num="8" count="1" type="stmt"/>
      <line num="9" count="2" type="stmt"/>
      <line num="12" count="1" type="stmt"/>
      <line num="14" count="1" type="stmt"/>
    </file>
  </project>
</coverage>
