{"/home/pedroalves/Documents/github/fundamentos/trybe-exercices/fundamentos/bloco-7/exercicioDia2/exerciciosPratica/professionalBoard.js": {"path":"/home/pedroalves/Documents/github/fundamentos/trybe-exercices/fundamentos/bloco-7/exercicioDia2/exerciciosPratica/professionalBoard.js","statementMap":{"0":{"start":{"line":2,"column":26},"end":{"line":39,"column":1}},"1":{"start":{"line":42,"column":23},"end":{"line":58,"column":1}},"2":{"start":{"line":49,"column":4},"end":{"line":56,"column":5}},"3":{"start":{"line":50,"column":8},"end":{"line":55,"column":9}},"4":{"start":{"line":51,"column":12},"end":{"line":53,"column":13}},"5":{"start":{"line":52,"column":16},"end":{"line":52,"column":59}},"6":{"start":{"line":54,"column":12},"end":{"line":54,"column":32}},"7":{"start":{"line":57,"column":4},"end":{"line":57,"column":42}},"8":{"start":{"line":59,"column":0},"end":{"line":59,"column":54}},"9":{"start":{"line":61,"column":0},"end":{"line":61,"column":32}}},"fnMap":{"0":{"name":"(anonymous_0)","decl":{"start":{"line":42,"column":23},"end":{"line":42,"column":24}},"loc":{"start":{"line":42,"column":39},"end":{"line":58,"column":1}},"line":42}},"branchMap":{"0":{"loc":{"start":{"line":50,"column":8},"end":{"line":55,"column":9}},"type":"if","locations":[{"start":{"line":50,"column":8},"end":{"line":55,"column":9}},{"start":{},"end":{}}],"line":50},"1":{"loc":{"start":{"line":51,"column":12},"end":{"line":53,"column":13}},"type":"if","locations":[{"start":{"line":51,"column":12},"end":{"line":53,"column":13}},{"start":{},"end":{}}],"line":51}},"s":{"0":1,"1":1,"2":3,"3":18,"4":3,"5":0,"6":3,"7":0,"8":1,"9":1},"f":{"0":3},"b":{"0":[3,15],"1":[0,3]},"_coverageSchema":"1a1c01bbd47fc00a2c39e90264f33305004495a9","hash":"808a5967d36bc1a5af4b66e47643f4ee87814eda"}
}
